  Audio.cpp
C:\SFML\SFML-3.0.0\include\SFML\System\Exception.hpp(41,47): warning C4275: non dll-interface class 'std::runtime_error' used as base for dll-interface class 'sf::Exception'
  (compiling source file 'Audio.cpp')
      C:\Program Files\Microsoft Visual Studio\2022\Enterprise\VC\Tools\MSVC\14.43.34808\include\stdexcept(100,19):
      see declaration of 'std::runtime_error'
      C:\SFML\SFML-3.0.0\include\SFML\System\Exception.hpp(41,23):
      see declaration of 'sf::Exception'
  
C:\Program Files\Microsoft Visual Studio\2022\Enterprise\VC\Tools\MSVC\14.43.34808\include\utility(479,17): error C2512: 'sf::Sound::Sound': no appropriate default constructor available
  (compiling source file 'Audio.cpp')
      C:\Program Files\Microsoft Visual Studio\2022\Enterprise\VC\Tools\MSVC\14.43.34808\include\utility(479,17):
      while trying to match the argument list '()'
      C:\Program Files\Microsoft Visual Studio\2022\Enterprise\VC\Tools\MSVC\14.43.34808\include\utility(479,17):
      the template instantiation context (the oldest one first) is
          C:\Users\nghoo\OneDrive\Documents\CSC10004\src\src\Audio.cpp(6,34):
          see reference to class template instantiation 'std::map<std::string,sf::Sound,std::less<std::string>,std::allocator<std::pair<const std::string,sf::Sound>>>' being compiled
          C:\Program Files\Microsoft Visual Studio\2022\Enterprise\VC\Tools\MSVC\14.43.34808\include\map(345,18):
          while compiling class template member function 'sf::Sound &std::map<std::string,sf::Sound,std::less<std::string>,std::allocator<std::pair<const std::string,sf::Sound>>>::operator [](const std::basic_string<char,std::char_traits<char>,std::allocator<char>> &)'
              C:\Users\nghoo\OneDrive\Documents\CSC10004\src\src\Audio.cpp(27,31):
              see the first reference to 'std::map<std::string,sf::Sound,std::less<std::string>,std::allocator<std::pair<const std::string,sf::Sound>>>::operator []' in 'loadSounds'
          C:\Program Files\Microsoft Visual Studio\2022\Enterprise\VC\Tools\MSVC\14.43.34808\include\map(346,16):
          see reference to function template instantiation 'std::pair<std::_Tree_node<std::pair<const std::string,sf::Sound>,std::_Default_allocator_traits<_Alloc>::void_pointer> *,bool> std::map<std::string,sf::Sound,std::less<std::string>,_Alloc>::_Try_emplace<const std::basic_string<char,std::char_traits<char>,std::allocator<char>>&,>(_Keyty)' being compiled
          with
          [
              _Alloc=std::allocator<std::pair<const std::string,sf::Sound>>,
              _Keyty=const std::basic_string<char,std::char_traits<char>,std::allocator<char>> &
          ]
          C:\Program Files\Microsoft Visual Studio\2022\Enterprise\VC\Tools\MSVC\14.43.34808\include\map(205,56):
          see reference to function template instantiation 'std::_Tree_temp_node<std::allocator<std::_Tree_node<std::pair<const std::string,sf::Sound>,std::_Default_allocator_traits<_Alloc>::void_pointer>>>::_Tree_temp_node<const std::piecewise_construct_t&,std::tuple<const std::basic_string<char,std::char_traits<char>,std::allocator<char>> &>,std::tuple<>>(_Alnode &,std::_Tree_node<std::pair<const std::string,sf::Sound>,std::_Default_allocator_traits<_Alloc>::void_pointer> *,const std::piecewise_construct_t &,std::tuple<const std::basic_string<char,std::char_traits<char>,std::allocator<char>> &> &&,std::tuple<> &&)' being compiled
          with
          [
              _Alloc=std::allocator<std::pair<const std::string,sf::Sound>>,
              _Alnode=std::allocator<std::_Tree_node<std::pair<const std::string,sf::Sound>,std::_Default_allocator_traits<std::allocator<std::pair<const std::string,sf::Sound>>>::void_pointer>>
          ]
          C:\Program Files\Microsoft Visual Studio\2022\Enterprise\VC\Tools\MSVC\14.43.34808\include\xtree(820,25):
          see reference to function template instantiation 'void std::_Default_allocator_traits<_Alloc>::construct<_Ty,const std::piecewise_construct_t&,std::tuple<const std::basic_string<char,std::char_traits<char>,std::allocator<char>> &>,std::tuple<>>(_Alloc &,_Objty *const ,const std::piecewise_construct_t &,std::tuple<const std::basic_string<char,std::char_traits<char>,std::allocator<char>> &> &&,std::tuple<> &&)' being compiled
          with
          [
              _Alloc=std::allocator<std::_Tree_node<std::pair<const std::string,sf::Sound>,std::_Default_allocator_traits<std::allocator<std::pair<const std::string,sf::Sound>>>::void_pointer>>,
              _Ty=std::pair<const std::string,sf::Sound>,
              _Objty=std::pair<const std::string,sf::Sound>
          ]
          C:\Program Files\Microsoft Visual Studio\2022\Enterprise\VC\Tools\MSVC\14.43.34808\include\xmemory(730,14):
          see reference to function template instantiation '_Ty *std::construct_at<_Objty,const std::piecewise_construct_t&,std::tuple<const std::basic_string<char,std::char_traits<char>,std::allocator<char>> &>,std::tuple<>>(_Ty *const ,const std::piecewise_construct_t &,std::tuple<const std::basic_string<char,std::char_traits<char>,std::allocator<char>> &> &&,std::tuple<> &&) noexcept(false)' being compiled
          with
          [
              _Ty=std::pair<const std::string,sf::Sound>,
              _Objty=std::pair<const std::string,sf::Sound>
          ]
          C:\Program Files\Microsoft Visual Studio\2022\Enterprise\VC\Tools\MSVC\14.43.34808\include\xutility(493,69):
          see reference to function template instantiation 'std::pair<const std::string,sf::Sound>::pair<const std::basic_string<char,std::char_traits<char>,std::allocator<char>>&,>(std::piecewise_construct_t,std::tuple<const std::basic_string<char,std::char_traits<char>,std::allocator<char>> &>,std::tuple<>)' being compiled
          C:\Program Files\Microsoft Visual Studio\2022\Enterprise\VC\Tools\MSVC\14.43.34808\include\utility(331,15):
          see reference to function template instantiation 'std::pair<const std::string,sf::Sound>::pair<std::tuple<const std::basic_string<char,std::char_traits<char>,std::allocator<char>> &>,std::tuple<>,0,>(_Tuple1 &,_Tuple2 &,std::integer_sequence<size_t,0>,std::integer_sequence<size_t>)' being compiled
          with
          [
              _Tuple1=std::tuple<const std::basic_string<char,std::char_traits<char>,std::allocator<char>> &>,
              _Tuple2=std::tuple<>
          ]
  
  GameFunction.cpp
C:\Users\nghoo\OneDrive\Documents\CSC10004\src\src\GameFunction.cpp(209,14): error C2660: 'matrixStack::push': function does not take 2 arguments
      C:\Users\nghoo\OneDrive\Documents\CSC10004\src\src\MatrixStack.h(23,10):
      see declaration of 'matrixStack::push'
      C:\Users\nghoo\OneDrive\Documents\CSC10004\src\src\GameFunction.cpp(209,14):
      while trying to match the argument list '(int **, int)'
  
C:\Users\nghoo\OneDrive\Documents\CSC10004\src\src\GameFunction.cpp(219,14): error C2660: 'matrixStack::push': function does not take 2 arguments
      C:\Users\nghoo\OneDrive\Documents\CSC10004\src\src\MatrixStack.h(23,10):
      see declaration of 'matrixStack::push'
      C:\Users\nghoo\OneDrive\Documents\CSC10004\src\src\GameFunction.cpp(219,14):
      while trying to match the argument list '(int **, int)'
  
  User.cpp
C:\Users\nghoo\OneDrive\Documents\CSC10004\src\src\User.cpp(1,6): error C2653: 'User': is not a class or namespace name
C:\Users\nghoo\OneDrive\Documents\CSC10004\src\src\User.cpp(1,29): error C2039: 'ofstream': is not a member of 'std'
      C:\Users\nghoo\OneDrive\Documents\CSC10004\src\src\predefined C++ types (compiler internal)(357,11):
      see declaration of 'std'
  
C:\Users\nghoo\OneDrive\Documents\CSC10004\src\src\User.cpp(1,12): error C2182: 'writeToFile': this use of 'void' is not valid
C:\Users\nghoo\OneDrive\Documents\CSC10004\src\src\User.cpp(1,29): error C2065: 'ofstream': undeclared identifier
C:\Users\nghoo\OneDrive\Documents\CSC10004\src\src\User.cpp(1,39): error C2065: 'out': undeclared identifier
C:\Users\nghoo\OneDrive\Documents\CSC10004\src\src\User.cpp(1,44): error C2143: syntax error: missing ';' before 'const'
C:\Users\nghoo\OneDrive\Documents\CSC10004\src\src\User.cpp(1,50): error C2447: '{': missing function header (old-style formal list?)
C:\Users\nghoo\OneDrive\Documents\CSC10004\src\src\User.cpp(13,6): error C2653: 'User': is not a class or namespace name
C:\Users\nghoo\OneDrive\Documents\CSC10004\src\src\User.cpp(13,30): error C2039: 'ifstream': is not a member of 'std'
      C:\Users\nghoo\OneDrive\Documents\CSC10004\src\src\predefined C++ types (compiler internal)(357,11):
      see declaration of 'std'
  
C:\Users\nghoo\OneDrive\Documents\CSC10004\src\src\User.cpp(13,12): error C2182: 'readFromFile': this use of 'void' is not valid
C:\Users\nghoo\OneDrive\Documents\CSC10004\src\src\User.cpp(13,30): error C2065: 'ifstream': undeclared identifier
C:\Users\nghoo\OneDrive\Documents\CSC10004\src\src\User.cpp(13,40): error C2065: 'in': undeclared identifier
C:\Users\nghoo\OneDrive\Documents\CSC10004\src\src\User.cpp(13,44): error C2143: syntax error: missing ';' before '{'
C:\Users\nghoo\OneDrive\Documents\CSC10004\src\src\User.cpp(15,5): error C3927: '->': trailing return type is not allowed after a non-function declarator
C:\Users\nghoo\OneDrive\Documents\CSC10004\src\src\User.cpp(15,7): error C3484: syntax error: expected '->' before the return type
C:\Users\nghoo\OneDrive\Documents\CSC10004\src\src\User.cpp(15,8): error C3613: missing return type after '->' ('int' assumed)
C:\Users\nghoo\OneDrive\Documents\CSC10004\src\src\User.cpp(15,5): error C4430: missing type specifier - int assumed. Note: C++ does not support default-int
C:\Users\nghoo\OneDrive\Documents\CSC10004\src\src\User.cpp(15,8): error C2146: syntax error: missing ';' before identifier 'read'
C:\Users\nghoo\OneDrive\Documents\CSC10004\src\src\User.cpp(16,5): error C3927: '->': trailing return type is not allowed after a non-function declarator
C:\Users\nghoo\OneDrive\Documents\CSC10004\src\src\User.cpp(16,13): error C3484: syntax error: expected '->' before the return type
C:\Users\nghoo\OneDrive\Documents\CSC10004\src\src\User.cpp(16,14): error C3613: missing return type after '->' ('int' assumed)
C:\Users\nghoo\OneDrive\Documents\CSC10004\src\src\User.cpp(16,5): error C4430: missing type specifier - int assumed. Note: C++ does not support default-int
C:\Users\nghoo\OneDrive\Documents\CSC10004\src\src\User.cpp(16,14): error C2146: syntax error: missing ';' before identifier 'resize'
C:\Users\nghoo\OneDrive\Documents\CSC10004\src\src\User.cpp(17,5): error C3927: '->': trailing return type is not allowed after a non-function declarator
C:\Users\nghoo\OneDrive\Documents\CSC10004\src\src\User.cpp(17,7): error C3484: syntax error: expected '->' before the return type
C:\Users\nghoo\OneDrive\Documents\CSC10004\src\src\User.cpp(17,8): error C3613: missing return type after '->' ('int' assumed)
C:\Users\nghoo\OneDrive\Documents\CSC10004\src\src\User.cpp(17,5): error C4430: missing type specifier - int assumed. Note: C++ does not support default-int
C:\Users\nghoo\OneDrive\Documents\CSC10004\src\src\User.cpp(17,5): error C2086: 'int in': redefinition
      C:\Users\nghoo\OneDrive\Documents\CSC10004\src\src\User.cpp(15,5):
      see declaration of 'in'
  
C:\Users\nghoo\OneDrive\Documents\CSC10004\src\src\User.cpp(17,8): error C2146: syntax error: missing ';' before identifier 'read'
C:\Users\nghoo\OneDrive\Documents\CSC10004\src\src\User.cpp(19,5): error C3927: '->': trailing return type is not allowed after a non-function declarator
C:\Users\nghoo\OneDrive\Documents\CSC10004\src\src\User.cpp(19,7): error C3484: syntax error: expected '->' before the return type
C:\Users\nghoo\OneDrive\Documents\CSC10004\src\src\User.cpp(19,8): error C3613: missing return type after '->' ('int' assumed)
C:\Users\nghoo\OneDrive\Documents\CSC10004\src\src\User.cpp(19,5): error C4430: missing type specifier - int assumed. Note: C++ does not support default-int
C:\Users\nghoo\OneDrive\Documents\CSC10004\src\src\User.cpp(19,5): error C2086: 'int in': redefinition
      C:\Users\nghoo\OneDrive\Documents\CSC10004\src\src\User.cpp(15,5):
      see declaration of 'in'
  
C:\Users\nghoo\OneDrive\Documents\CSC10004\src\src\User.cpp(19,8): error C2146: syntax error: missing ';' before identifier 'read'
C:\Users\nghoo\OneDrive\Documents\CSC10004\src\src\User.cpp(20,5): error C3927: '->': trailing return type is not allowed after a non-function declarator
C:\Users\nghoo\OneDrive\Documents\CSC10004\src\src\User.cpp(20,13): error C3484: syntax error: expected '->' before the return type
C:\Users\nghoo\OneDrive\Documents\CSC10004\src\src\User.cpp(20,14): error C3613: missing return type after '->' ('int' assumed)
C:\Users\nghoo\OneDrive\Documents\CSC10004\src\src\User.cpp(20,5): error C4430: missing type specifier - int assumed. Note: C++ does not support default-int
C:\Users\nghoo\OneDrive\Documents\CSC10004\src\src\User.cpp(20,14): error C2146: syntax error: missing ';' before identifier 'resize'
C:\Users\nghoo\OneDrive\Documents\CSC10004\src\src\User.cpp(21,5): error C3927: '->': trailing return type is not allowed after a non-function declarator
C:\Users\nghoo\OneDrive\Documents\CSC10004\src\src\User.cpp(21,7): error C3484: syntax error: expected '->' before the return type
C:\Users\nghoo\OneDrive\Documents\CSC10004\src\src\User.cpp(21,8): error C3613: missing return type after '->' ('int' assumed)
C:\Users\nghoo\OneDrive\Documents\CSC10004\src\src\User.cpp(21,5): error C4430: missing type specifier - int assumed. Note: C++ does not support default-int
C:\Users\nghoo\OneDrive\Documents\CSC10004\src\src\User.cpp(21,5): error C2086: 'int in': redefinition
      C:\Users\nghoo\OneDrive\Documents\CSC10004\src\src\User.cpp(15,5):
      see declaration of 'in'
  
C:\Users\nghoo\OneDrive\Documents\CSC10004\src\src\User.cpp(21,8): error C2146: syntax error: missing ';' before identifier 'read'
C:\Users\nghoo\OneDrive\Documents\CSC10004\src\src\User.cpp(23,5): error C3927: '->': trailing return type is not allowed after a non-function declarator
C:\Users\nghoo\OneDrive\Documents\CSC10004\src\src\User.cpp(23,7): error C3484: syntax error: expected '->' before the return type
C:\Users\nghoo\OneDrive\Documents\CSC10004\src\src\User.cpp(23,8): error C3613: missing return type after '->' ('int' assumed)
C:\Users\nghoo\OneDrive\Documents\CSC10004\src\src\User.cpp(23,5): error C4430: missing type specifier - int assumed. Note: C++ does not support default-int
C:\Users\nghoo\OneDrive\Documents\CSC10004\src\src\User.cpp(23,5): error C2086: 'int in': redefinition
      C:\Users\nghoo\OneDrive\Documents\CSC10004\src\src\User.cpp(15,5):
      see declaration of 'in'
  
C:\Users\nghoo\OneDrive\Documents\CSC10004\src\src\User.cpp(23,8): error C2146: syntax error: missing ';' before identifier 'read'
C:\Users\nghoo\OneDrive\Documents\CSC10004\src\src\User.cpp(24,1): error C2059: syntax error: '}'
C:\Users\nghoo\OneDrive\Documents\CSC10004\src\src\User.cpp(24,1): error C2143: syntax error: missing ';' before '}'
  Generating Code...
